2024-05-04T00:30:16.418+01:00  INFO 26790 --- [OnlineBankingSystemP] [main] o.h.o.OnlineBankingSystemPApplication    : Starting OnlineBankingSystemPApplication using Java 21.0.2 with PID 26790 (/Users/henry/Developer/SystemSpecs/OnlineBankSystem/target/classes started by henry in /Users/henry/Developer/SystemSpecs/OnlineBankSystem)
2024-05-04T00:30:16.427+01:00  INFO 26790 --- [OnlineBankingSystemP] [main] o.h.o.OnlineBankingSystemPApplication    : No active profile set, falling back to 1 default profile: "default"
2024-05-04T00:30:17.362+01:00  INFO 26790 --- [OnlineBankingSystemP] [main] .s.d.r.c.RepositoryConfigurationDelegate : Bootstrapping Spring Data JPA repositories in DEFAULT mode.
2024-05-04T00:30:17.477+01:00  INFO 26790 --- [OnlineBankingSystemP] [main] .s.d.r.c.RepositoryConfigurationDelegate : Finished Spring Data repository scanning in 102 ms. Found 8 JPA repository interfaces.
2024-05-04T00:30:18.259+01:00  INFO 26790 --- [OnlineBankingSystemP] [main] o.s.b.w.embedded.tomcat.TomcatWebServer  : Tomcat initialized with port 6100 (http)
2024-05-04T00:30:18.276+01:00  INFO 26790 --- [OnlineBankingSystemP] [main] o.apache.catalina.core.StandardService   : Starting service [Tomcat]
2024-05-04T00:30:18.277+01:00  INFO 26790 --- [OnlineBankingSystemP] [main] o.apache.catalina.core.StandardEngine    : Starting Servlet engine: [Apache Tomcat/10.1.19]
2024-05-04T00:30:18.335+01:00  INFO 26790 --- [OnlineBankingSystemP] [main] o.a.c.c.C.[Tomcat].[localhost].[/]       : Initializing Spring embedded WebApplicationContext
2024-05-04T00:30:18.336+01:00  INFO 26790 --- [OnlineBankingSystemP] [main] w.s.c.ServletWebServerApplicationContext : Root WebApplicationContext: initialization completed in 1864 ms
2024-05-04T00:30:18.530+01:00  INFO 26790 --- [OnlineBankingSystemP] [main] o.hibernate.jpa.internal.util.LogHelper  : HHH000204: Processing PersistenceUnitInfo [name: default]
2024-05-04T00:30:18.628+01:00  INFO 26790 --- [OnlineBankingSystemP] [main] org.hibernate.Version                    : HHH000412: Hibernate ORM core version 6.4.4.Final
2024-05-04T00:30:18.672+01:00  INFO 26790 --- [OnlineBankingSystemP] [main] o.h.c.internal.RegionFactoryInitiator    : HHH000026: Second-level cache disabled
2024-05-04T00:30:19.011+01:00  INFO 26790 --- [OnlineBankingSystemP] [main] o.s.o.j.p.SpringPersistenceUnitInfo      : No LoadTimeWeaver setup: ignoring JPA class transformer
2024-05-04T00:30:19.055+01:00  INFO 26790 --- [OnlineBankingSystemP] [main] com.zaxxer.hikari.HikariDataSource       : HikariPool-1 - Starting...
2024-05-04T00:30:19.621+01:00  INFO 26790 --- [OnlineBankingSystemP] [main] com.zaxxer.hikari.pool.HikariPool        : HikariPool-1 - Added connection com.mysql.cj.jdbc.ConnectionImpl@40b31a16
2024-05-04T00:30:19.623+01:00  INFO 26790 --- [OnlineBankingSystemP] [main] com.zaxxer.hikari.HikariDataSource       : HikariPool-1 - Start completed.
2024-05-04T00:30:21.136+01:00  INFO 26790 --- [OnlineBankingSystemP] [main] o.h.e.t.j.p.i.JtaPlatformInitiator       : HHH000489: No JTA platform available (set 'hibernate.transaction.jta.platform' to enable JTA platform integration)
2024-05-04T00:30:21.338+01:00  INFO 26790 --- [OnlineBankingSystemP] [main] j.LocalContainerEntityManagerFactoryBean : Initialized JPA EntityManagerFactory for persistence unit 'default'
2024-05-04T00:30:21.820+01:00  INFO 26790 --- [OnlineBankingSystemP] [main] o.s.d.j.r.query.QueryEnhancerFactory     : Hibernate is in classpath; If applicable, HQL parser will be used.
2024-05-04T00:30:22.832+01:00  WARN 26790 --- [OnlineBankingSystemP] [main] JpaBaseConfiguration$JpaWebConfiguration : spring.jpa.open-in-view is enabled by default. Therefore, database queries may be performed during view rendering. Explicitly configure spring.jpa.open-in-view to disable this warning
2024-05-04T00:30:23.172+01:00  INFO 26790 --- [OnlineBankingSystemP] [main] o.s.s.web.DefaultSecurityFilterChain     : Will secure any request with [org.springframework.security.web.session.DisableEncodeUrlFilter@f4ecbbf, org.springframework.security.web.context.request.async.WebAsyncManagerIntegrationFilter@7c3b7d7c, org.springframework.security.web.context.SecurityContextHolderFilter@153ce630, org.springframework.security.web.header.HeaderWriterFilter@7408b3db, org.springframework.web.filter.CorsFilter@579e8a7, org.springframework.security.web.authentication.logout.LogoutFilter@2533cbcc, org.henry.onlinebankingsystemp.config.JwtSecurityFilter@66ab765c, org.springframework.security.web.savedrequest.RequestCacheAwareFilter@1abc3085, org.springframework.security.web.servletapi.SecurityContextHolderAwareRequestFilter@32c8df0b, org.springframework.security.web.authentication.AnonymousAuthenticationFilter@18fa4822, org.springframework.security.web.session.SessionManagementFilter@6bbcb69f, org.springframework.security.web.access.ExceptionTranslationFilter@77bca6d6, org.springframework.security.web.access.intercept.AuthorizationFilter@7b70596d]
2024-05-04T00:30:23.480+01:00  INFO 26790 --- [OnlineBankingSystemP] [main] o.s.b.w.embedded.tomcat.TomcatWebServer  : Tomcat started on port 6100 (http) with context path ''
2024-05-04T00:30:23.494+01:00  INFO 26790 --- [OnlineBankingSystemP] [main] o.h.o.OnlineBankingSystemPApplication    : Started OnlineBankingSystemPApplication in 7.614 seconds (process running for 8.52)
